<?xml version="1.0" encoding="UTF-8"?>
<!-- Generated by org.testng.reporters.JUnitXMLReporter -->
<testsuite ignored="0" hostname="DESKTOP-PHREVUJ" failures="0" tests="3" name="Test" time="18.644" errors="0" timestamp="04 Apr 2020 00:47:10 GMT">
  <testcase classname="unoSquareInterview.unoSquareTest" name="UnosquareTest1" time="9.455"/>
  <testcase classname="unoSquareInterview.unoSquareTest" name="UnosquareTest2" time="9.165"/>
  <testcase classname="unoSquareInterview.unoSquareTest" name="UnosquareTest3" time="0.0"/>
</testsuite> <!-- Test -->
