<?xml version="1.0" encoding="UTF-8"?>
<!-- Generated by org.testng.reporters.JUnitXMLReporter -->
<testsuite ignored="0" hostname="DESKTOP-PHREVUJ" failures="1" tests="3" name="Test" time="0.046" errors="0" timestamp="04 Apr 2020 00:33:50 GMT">
  <testcase classname="unoSquareInterview.unoSquareTest" name="UnosquareTest1" time="0.01">
    <failure type="java.lang.NullPointerException">
      <![CDATA[java.lang.NullPointerException
at unoSquareInterview.unoSquareTest.UnosquareTest1(unoSquareTest.java:21)
... Removed 29 stack frames]]>
    </failure>
  </testcase> <!-- UnosquareTest1 -->
  <testcase classname="unoSquareInterview.unoSquareTest" name="UnosquareTest2" time="0.0"/>
  <testcase classname="unoSquareInterview.unoSquareTest" name="UnosquareTest3" time="0.0"/>
</testsuite> <!-- Test -->
