<?xml version="1.0" encoding="UTF-8"?>
<testng-results ignored="0" total="3" passed="3" failed="0" skipped="0">
  <reporter-output>
  </reporter-output>
  <suite started-at="2020-04-04T00:46:52Z" name="Suite" finished-at="2020-04-04T00:47:10Z" duration-ms="18644">
    <groups>
    </groups>
    <test started-at="2020-04-04T00:46:52Z" name="Test" finished-at="2020-04-04T00:47:10Z" duration-ms="18644">
      <class name="unoSquareInterview.unoSquareTest">
        <test-method signature="UnosquareTest1()[pri:0, instance:unoSquareInterview.unoSquareTest@7139992f]" started-at="2020-04-04T00:46:52Z" name="UnosquareTest1" finished-at="2020-04-04T00:47:01Z" duration-ms="9455" status="PASS">
          <reporter-output>
          </reporter-output>
        </test-method> <!-- UnosquareTest1 -->
        <test-method signature="UnosquareTest2()[pri:0, instance:unoSquareInterview.unoSquareTest@7139992f]" started-at="2020-04-04T00:47:01Z" name="UnosquareTest2" finished-at="2020-04-04T00:47:10Z" duration-ms="9165" status="PASS">
          <reporter-output>
          </reporter-output>
        </test-method> <!-- UnosquareTest2 -->
        <test-method signature="UnosquareTest3()[pri:0, instance:unoSquareInterview.unoSquareTest@7139992f]" started-at="2020-04-04T00:47:10Z" name="UnosquareTest3" finished-at="2020-04-04T00:47:10Z" duration-ms="0" status="PASS">
          <reporter-output>
          </reporter-output>
        </test-method> <!-- UnosquareTest3 -->
      </class> <!-- unoSquareInterview.unoSquareTest -->
    </test> <!-- Test -->
  </suite> <!-- Suite -->
</testng-results>
