<?xml version="1.0" encoding="UTF-8"?>
<testng-results ignored="0" total="3" passed="3" failed="0" skipped="0">
  <reporter-output>
  </reporter-output>
  <suite started-at="2020-04-03T18:37:53 CST" name="Suite" finished-at="2020-04-03T18:38:03 CST" duration-ms="9991">
    <groups>
    </groups>
    <test started-at="2020-04-03T18:37:53 CST" name="Test" finished-at="2020-04-03T18:38:03 CST" duration-ms="9991">
      <class name="unoSquareInterview.unoSquareTest">
        <test-method signature="UnosquareTest1()[pri:0, instance:unoSquareInterview.unoSquareTest@217ed35e]" started-at="2020-04-03T18:37:53 CST" name="UnosquareTest1" finished-at="2020-04-03T18:38:03 CST" duration-ms="9951" status="PASS">
          <reporter-output>
          </reporter-output>
        </test-method> <!-- UnosquareTest1 -->
        <test-method signature="UnosquareTest2()[pri:0, instance:unoSquareInterview.unoSquareTest@217ed35e]" started-at="2020-04-03T18:38:03 CST" name="UnosquareTest2" finished-at="2020-04-03T18:38:03 CST" duration-ms="3" status="PASS">
          <reporter-output>
          </reporter-output>
        </test-method> <!-- UnosquareTest2 -->
        <test-method signature="UnosquareTest3()[pri:0, instance:unoSquareInterview.unoSquareTest@217ed35e]" started-at="2020-04-03T18:38:03 CST" name="UnosquareTest3" finished-at="2020-04-03T18:38:03 CST" duration-ms="1" status="PASS">
          <reporter-output>
          </reporter-output>
        </test-method> <!-- UnosquareTest3 -->
      </class> <!-- unoSquareInterview.unoSquareTest -->
    </test> <!-- Test -->
  </suite> <!-- Suite -->
</testng-results>
